<?xml version="1.0" encoding="UTF-8"?>
<!-- Generated by org.testng.reporters.JUnitXMLReporter -->
<testsuite ignored="0" hostname="Marktine-R3" failures="0" tests="3" name="Default test" time="25.023" errors="0" timestamp="2024-09-07T08:00:04 IST">
  <testcase classname="testCases.TC_001" name="testCandLogin" time="8.621"/>
  <testcase classname="testCases.TC_001" name="testRecLogin" time="0.594"/>
  <testcase classname="testCases.TC_001" name="print" time="0.003"/>
</testsuite> <!-- Default test -->
