<?xml version="1.0" encoding="UTF-8"?>
<testng-results ignored="0" total="3" passed="3" failed="0" skipped="0">
  <reporter-output>
  </reporter-output>
  <suite started-at="2024-09-07T07:59:39 IST" name="Default suite" finished-at="2024-09-07T08:00:04 IST" duration-ms="25023">
    <groups>
    </groups>
    <test started-at="2024-09-07T07:59:39 IST" name="Default test" finished-at="2024-09-07T08:00:04 IST" duration-ms="25023">
      <class name="testCases.TC_001">
        <test-method is-config="true" signature="setUp()[pri:0, instance:testCases.TC_001@4135c3b]" started-at="2024-09-07T07:59:39 IST" name="setUp" finished-at="2024-09-07T07:59:48 IST" duration-ms="8520" status="PASS">
          <reporter-output>
          </reporter-output>
        </test-method> <!-- setUp -->
        <test-method signature="testCandLogin()[pri:1, instance:testCases.TC_001@4135c3b]" started-at="2024-09-07T07:59:48 IST" name="testCandLogin" finished-at="2024-09-07T07:59:57 IST" duration-ms="8621" status="PASS">
          <reporter-output>
          </reporter-output>
        </test-method> <!-- testCandLogin -->
        <test-method is-config="true" signature="tearDown()[pri:0, instance:testCases.TC_001@4135c3b]" started-at="2024-09-07T07:59:57 IST" name="tearDown" finished-at="2024-09-07T07:59:57 IST" duration-ms="852" status="PASS">
          <reporter-output>
          </reporter-output>
        </test-method> <!-- tearDown -->
        <test-method is-config="true" signature="setUp()[pri:0, instance:testCases.TC_001@4135c3b]" started-at="2024-09-07T07:59:57 IST" name="setUp" finished-at="2024-09-07T08:00:00 IST" duration-ms="2970" status="PASS">
          <reporter-output>
          </reporter-output>
        </test-method> <!-- setUp -->
        <test-method signature="testRecLogin()[pri:2, instance:testCases.TC_001@4135c3b]" started-at="2024-09-07T08:00:00 IST" name="testRecLogin" finished-at="2024-09-07T08:00:01 IST" duration-ms="594" status="PASS">
          <reporter-output>
          </reporter-output>
        </test-method> <!-- testRecLogin -->
        <test-method is-config="true" signature="tearDown()[pri:0, instance:testCases.TC_001@4135c3b]" started-at="2024-09-07T08:00:01 IST" name="tearDown" finished-at="2024-09-07T08:00:01 IST" duration-ms="268" status="PASS">
          <reporter-output>
          </reporter-output>
        </test-method> <!-- tearDown -->
        <test-method is-config="true" signature="setUp()[pri:0, instance:testCases.TC_001@4135c3b]" started-at="2024-09-07T08:00:01 IST" name="setUp" finished-at="2024-09-07T08:00:04 IST" duration-ms="2868" status="PASS">
          <reporter-output>
          </reporter-output>
        </test-method> <!-- setUp -->
        <test-method signature="print()[pri:3, instance:testCases.TC_001@4135c3b]" started-at="2024-09-07T08:00:04 IST" name="print" finished-at="2024-09-07T08:00:04 IST" duration-ms="3" status="PASS">
          <reporter-output>
          </reporter-output>
        </test-method> <!-- print -->
        <test-method is-config="true" signature="tearDown()[pri:0, instance:testCases.TC_001@4135c3b]" started-at="2024-09-07T08:00:04 IST" name="tearDown" finished-at="2024-09-07T08:00:04 IST" duration-ms="265" status="PASS">
          <reporter-output>
          </reporter-output>
        </test-method> <!-- tearDown -->
      </class> <!-- testCases.TC_001 -->
    </test> <!-- Default test -->
  </suite> <!-- Default suite -->
</testng-results>
