<?xml version="1.0" encoding="UTF-8"?>
<testng-results ignored="0" total="2" passed="2" failed="0" skipped="0">
  <reporter-output>
  </reporter-output>
  <suite started-at="2024-09-06T21:45:10 IST" name="Default suite" finished-at="2024-09-06T21:45:26 IST" duration-ms="16290">
    <groups>
    </groups>
    <test started-at="2024-09-06T21:45:10 IST" name="Default test" finished-at="2024-09-06T21:45:26 IST" duration-ms="16290">
      <class name="testCases.TC_001">
        <test-method is-config="true" signature="setUp()[pri:0, instance:testCases.TC_001@313ac989]" started-at="2024-09-06T21:45:10 IST" name="setUp" finished-at="2024-09-06T21:45:14 IST" duration-ms="3754" status="PASS">
          <reporter-output>
          </reporter-output>
        </test-method> <!-- setUp -->
        <test-method signature="testCandLogin()[pri:1, instance:testCases.TC_001@313ac989]" started-at="2024-09-06T21:45:14 IST" name="testCandLogin" finished-at="2024-09-06T21:45:23 IST" duration-ms="8663" status="PASS">
          <reporter-output>
          </reporter-output>
        </test-method> <!-- testCandLogin -->
        <test-method is-config="true" signature="setUp()[pri:0, instance:testCases.TC_001@313ac989]" started-at="2024-09-06T21:45:23 IST" name="setUp" finished-at="2024-09-06T21:45:26 IST" duration-ms="3164" status="PASS">
          <reporter-output>
          </reporter-output>
        </test-method> <!-- setUp -->
        <test-method signature="testRecLogin()[pri:2, instance:testCases.TC_001@313ac989]" started-at="2024-09-06T21:45:26 IST" name="testRecLogin" finished-at="2024-09-06T21:45:26 IST" duration-ms="642" status="PASS">
          <reporter-output>
          </reporter-output>
        </test-method> <!-- testRecLogin -->
      </class> <!-- testCases.TC_001 -->
    </test> <!-- Default test -->
  </suite> <!-- Default suite -->
</testng-results>
